<?xml version="1.0" encoding="UTF-8"?>
<!-- Generated by org.testng.reporters.JUnitReportReporter -->
<testsuite hostname="DESKTOP-I2PIN17" failures="0" tests="2" name="testScripts.Annotations" time="7.056" errors="0" timestamp="2024-01-07T14:37:38 IST" skipped="0">
  <testcase classname="testScripts.Annotations" name="annotation_test" time="4.180"/>
  <system-out/>
  <testcase classname="testScripts.Annotations" name="annotation_test2" time="2.876"/>
  <system-out/>
</testsuite> <!-- testScripts.Annotations -->
