<?xml version="1.0" encoding="UTF-8"?>
<!-- Generated by org.testng.reporters.JUnitReportReporter -->
<testsuite hostname="DESKTOP-I2PIN17" failures="0" tests="1" name="testScripts.WebElementCommands" time="22.860" errors="0" timestamp="2024-01-05T21:13:25 IST" skipped="0">
  <testcase classname="testScripts.WebElementCommands" name="webElementsMethods" time="22.860"/>
  <system-out/>
</testsuite> <!-- testScripts.WebElementCommands -->
